2025-01-17 13:06:59 - INFO - ====== WebDriver manager ======
2025-01-17 13:06:59 - INFO - Get LATEST chromedriver version for google-chrome
2025-01-17 13:06:59 - INFO - Get LATEST chromedriver version for google-chrome
2025-01-17 13:06:59 - INFO - Driver [/home/flavio/.wdm/drivers/chromedriver/linux64/132.0.6834.83/chromedriver-linux64/chromedriver] found in cache
2025-01-17 13:07:02 - INFO - Iniciando treino...
2025-01-17 13:07:02 - INFO - Jogo escolhido: Minecraft
2025-01-17 13:07:06 - INFO - Assistindo AO VIVO
5opka
Minecraft
6,8 mil espectadores
ИГРАЕМ В МАЙНКРАФТ СБОРКУ С @derzko69 // !приватка !донат !правила !тг !мемы
42
98iqСТРИМЕР
555iqМОДЕРЫ por 2346.505476122485 segundos
2025-01-17 13:29:00 - INFO - Agendamento iniciado. Aguardando próxima execução...
2025-01-17 13:33:39 - INFO - Agendamento iniciado. Aguardando próxima execução...
2025-01-17 13:34:24 - INFO - Agendamento iniciado. Aguardando próxima execução...
2025-01-17 13:35:00 - INFO - ====== WebDriver manager ======
2025-01-17 13:35:00 - INFO - Get LATEST chromedriver version for google-chrome
2025-01-17 13:35:00 - INFO - Get LATEST chromedriver version for google-chrome
2025-01-17 13:35:00 - INFO - Driver [/home/flavio/.wdm/drivers/chromedriver/linux64/132.0.6834.83/chromedriver-linux64/chromedriver] found in cache
2025-01-17 13:35:02 - INFO - Erro ao logar no Google ou Login já realizado
2025-01-17 13:35:03 - INFO - Erro ao logar no Twitch ou Login já realizado
2025-01-17 13:35:03 - INFO - Iniciando treino...
2025-01-17 13:35:03 - INFO - Jogo escolhido: The Sims 4
2025-01-17 13:35:08 - INFO - Assistindo AO VIVO
Laukinawa
The Sims 4
206 espectadores
Sims 4 | Nouveaux Kit !OperaGx !discord !rs
Sims4
Français
Chill por 2002.7650443561442 segundos
